Time:2013-05-22 13:56:58
TypeError: Cannot read property 'aBuffer' of undefined
    at _handler.validata (C:\Program Files\nodejs\node\nodeweb\nodeweb\handleapp\captcha.js:64:39)
    at Object._handler.validata (C:\Program Files\nodejs\node\nodeweb\nodeweb\handleapp\captcha.js:60:9)
    at Object.handle (C:\Program Files\nodejs\node\nodeweb\nodeweb\handleapp\captcha.js:20:33)
    at Object.handle (C:\Program Files\nodejs\node\nodeweb\nodeweb\handler.js:38:20)
    at header.<anonymous> (C:\Program Files\nodejs\node\nodeweb\nodeweb\route.js:85:13)
    at header.EventEmitter.emit (events.js:99:17)
    at header.<anonymous> (C:\Program Files\nodejs\node\nodeweb\nodeweb\route.js:76:21)
    at Object.getSession (C:\Program Files\nodejs\node\nodeweb\nodeweb\lib\session.js:38:13)
    at new header (C:\Program Files\nodejs\node\nodeweb\nodeweb\route.js:67:16)
    at Object.route (C:\Program Files\nodejs\node\nodeweb\nodeweb\route.js:13:17)
    at Server.handleRequest (C:\Program Files\nodejs\node\nodeweb\nodeweb\server.js:14:8)

Time:2013-05-22 13:57:48
TypeError: Cannot read property 'aBuffer' of undefined
    at _handler.validata (C:\Program Files\nodejs\node\nodeweb\nodeweb\handleapp\captcha.js:64:39)
    at Object._handler.validata (C:\Program Files\nodejs\node\nodeweb\nodeweb\handleapp\captcha.js:60:9)
    at Object.handle (C:\Program Files\nodejs\node\nodeweb\nodeweb\handleapp\captcha.js:20:33)
    at Object.handle (C:\Program Files\nodejs\node\nodeweb\nodeweb\handler.js:38:20)
    at header.<anonymous> (C:\Program Files\nodejs\node\nodeweb\nodeweb\route.js:85:13)
    at header.EventEmitter.emit (events.js:99:17)
    at header.<anonymous> (C:\Program Files\nodejs\node\nodeweb\nodeweb\route.js:76:21)
    at Object.getSession (C:\Program Files\nodejs\node\nodeweb\nodeweb\lib\session.js:38:13)
    at new header (C:\Program Files\nodejs\node\nodeweb\nodeweb\route.js:67:16)
    at Object.route (C:\Program Files\nodejs\node\nodeweb\nodeweb\route.js:13:17)
    at Server.handleRequest (C:\Program Files\nodejs\node\nodeweb\nodeweb\server.js:14:8)

Time:2013-05-22 14:10:27
TypeError: Cannot read property 'message' of null
    at Object.handleException (C:\Program Files\nodejs\node\nodeweb\nodeweb\init.js:130:43)
    at captcha.destory (C:\Program Files\nodejs\node\nodeweb\nodeweb\lib\captcha.js:195:25)
    at null.<anonymous> (C:\Program Files\nodejs\node_modules\mongodb\lib\mongodb\collection.js:196:9)
    at g (events.js:192:14)
    at EventEmitter.emit (events.js:126:20)
    at Server.Base._callHandler (C:\Program Files\nodejs\node_modules\mongodb\lib\mongodb\connection\base.js:130:25)
    at Server.connect.connectionPool.on.server._serverState (C:\Program Files\nodejs\node_modules\mongodb\lib\mongodb\connection\server.js:522:20)
    at MongoReply.parseBody (C:\Program Files\nodejs\node_modules\mongodb\lib\mongodb\responses\mongo_reply.js:132:5)
    at Server.connect.connectionPool.on.server._serverState (C:\Program Files\nodejs\node_modules\mongodb\lib\mongodb\connection\server.js:481:22)
    at EventEmitter.emit (events.js:96:17)

Time:2013-05-22 14:50:21
Error: Redis connection to 127.0.0.1:6379 failed - connect ECONNREFUSED
    at RedisClient.on_error (C:\Program Files\nodejs\node_modules\redis\index.js:151:24)
    at Socket.<anonymous> (C:\Program Files\nodejs\node_modules\redis\index.js:86:14)
    at Socket.EventEmitter.emit (events.js:96:17)
    at Socket._destroy.self.errorEmitted (net.js:328:14)
    at process.startup.processNextTick.process._tickCallback (node.js:244:9)

Time:2013-05-22 14:50:23
Error: Redis connection to 127.0.0.1:6379 failed - connect ECONNREFUSED
    at RedisClient.on_error (C:\Program Files\nodejs\node_modules\redis\index.js:151:24)
    at Socket.<anonymous> (C:\Program Files\nodejs\node_modules\redis\index.js:86:14)
    at Socket.EventEmitter.emit (events.js:96:17)
    at Socket._destroy.self.errorEmitted (net.js:328:14)
    at process.startup.processNextTick.process._tickCallback (node.js:244:9)

Time:2013-05-22 14:50:24
Error: Redis connection to 127.0.0.1:6379 failed - connect ECONNREFUSED
    at RedisClient.on_error (C:\Program Files\nodejs\node_modules\redis\index.js:151:24)
    at Socket.<anonymous> (C:\Program Files\nodejs\node_modules\redis\index.js:86:14)
    at Socket.EventEmitter.emit (events.js:96:17)
    at Socket._destroy.self.errorEmitted (net.js:328:14)
    at process.startup.processNextTick.process._tickCallback (node.js:244:9)

Time:2013-05-22 14:50:26
Error: Redis connection to 127.0.0.1:6379 failed - connect ECONNREFUSED
    at RedisClient.on_error (C:\Program Files\nodejs\node_modules\redis\index.js:151:24)
    at Socket.<anonymous> (C:\Program Files\nodejs\node_modules\redis\index.js:86:14)
    at Socket.EventEmitter.emit (events.js:96:17)
    at Socket._destroy.self.errorEmitted (net.js:328:14)
    at process.startup.processNextTick.process._tickCallback (node.js:244:9)

Time:2013-05-22 14:50:28
Error: Redis connection to 127.0.0.1:6379 failed - connect ECONNREFUSED
    at RedisClient.on_error (C:\Program Files\nodejs\node_modules\redis\index.js:151:24)
    at Socket.<anonymous> (C:\Program Files\nodejs\node_modules\redis\index.js:86:14)
    at Socket.EventEmitter.emit (events.js:96:17)
    at Socket._destroy.self.errorEmitted (net.js:328:14)
    at process.startup.processNextTick.process._tickCallback (node.js:244:9)

Time:2013-05-22 14:50:31
Error: Redis connection to 127.0.0.1:6379 failed - connect ECONNREFUSED
    at RedisClient.on_error (C:\Program Files\nodejs\node_modules\redis\index.js:151:24)
    at Socket.<anonymous> (C:\Program Files\nodejs\node_modules\redis\index.js:86:14)
    at Socket.EventEmitter.emit (events.js:96:17)
    at Socket._destroy.self.errorEmitted (net.js:328:14)
    at process.startup.processNextTick.process._tickCallback (node.js:244:9)

Time:2013-05-22 14:50:36
Error: Redis connection to 127.0.0.1:6379 failed - connect ECONNREFUSED
    at RedisClient.on_error (C:\Program Files\nodejs\node_modules\redis\index.js:151:24)
    at Socket.<anonymous> (C:\Program Files\nodejs\node_modules\redis\index.js:86:14)
    at Socket.EventEmitter.emit (events.js:96:17)
    at Socket._destroy.self.errorEmitted (net.js:328:14)
    at process.startup.processNextTick.process._tickCallback (node.js:244:9)

Time:2013-05-22 14:50:43
Error: Redis connection to 127.0.0.1:6379 failed - connect ECONNREFUSED
    at RedisClient.on_error (C:\Program Files\nodejs\node_modules\redis\index.js:151:24)
    at Socket.<anonymous> (C:\Program Files\nodejs\node_modules\redis\index.js:86:14)
    at Socket.EventEmitter.emit (events.js:96:17)
    at Socket._destroy.self.errorEmitted (net.js:328:14)
    at process.startup.processNextTick.process._tickCallback (node.js:244:9)

Time:2013-05-22 14:50:54
Error: Redis connection to 127.0.0.1:6379 failed - connect ECONNREFUSED
    at RedisClient.on_error (C:\Program Files\nodejs\node_modules\redis\index.js:151:24)
    at Socket.<anonymous> (C:\Program Files\nodejs\node_modules\redis\index.js:86:14)
    at Socket.EventEmitter.emit (events.js:96:17)
    at Socket._destroy.self.errorEmitted (net.js:328:14)
    at process.startup.processNextTick.process._tickCallback (node.js:244:9)

Time:2013-05-22 14:51:13
Error: Redis connection to 127.0.0.1:6379 failed - connect ECONNREFUSED
    at RedisClient.on_error (C:\Program Files\nodejs\node_modules\redis\index.js:151:24)
    at Socket.<anonymous> (C:\Program Files\nodejs\node_modules\redis\index.js:86:14)
    at Socket.EventEmitter.emit (events.js:96:17)
    at Socket._destroy.self.errorEmitted (net.js:328:14)
    at process.startup.processNextTick.process._tickCallback (node.js:244:9)

Time:2013-05-22 14:51:44
Error: Redis connection to 127.0.0.1:6379 failed - connect ECONNREFUSED
    at RedisClient.on_error (C:\Program Files\nodejs\node_modules\redis\index.js:151:24)
    at Socket.<anonymous> (C:\Program Files\nodejs\node_modules\redis\index.js:86:14)
    at Socket.EventEmitter.emit (events.js:96:17)
    at Socket._destroy.self.errorEmitted (net.js:328:14)
    at process.startup.processNextTick.process._tickCallback (node.js:244:9)

Time:2013-05-22 14:52:37
Error: Redis connection to 127.0.0.1:6379 failed - connect ECONNREFUSED
    at RedisClient.on_error (C:\Program Files\nodejs\node_modules\redis\index.js:151:24)
    at Socket.<anonymous> (C:\Program Files\nodejs\node_modules\redis\index.js:86:14)
    at Socket.EventEmitter.emit (events.js:96:17)
    at Socket._destroy.self.errorEmitted (net.js:328:14)
    at process.startup.processNextTick.process._tickCallback (node.js:244:9)

Time:2013-05-22 15:04:06
Error: Redis connection to 127.0.0.1:6379 failed - connect ECONNREFUSED
    at RedisClient.on_error (C:\Program Files\nodejs\node_modules\redis\index.js:151:24)
    at Socket.<anonymous> (C:\Program Files\nodejs\node_modules\redis\index.js:86:14)
    at Socket.EventEmitter.emit (events.js:96:17)
    at Socket._destroy.self.errorEmitted (net.js:328:14)
    at process.startup.processNextTick.process._tickCallback (node.js:244:9)

Time:2013-05-22 15:04:07
Error: Redis connection to 127.0.0.1:6379 failed - connect ECONNREFUSED
    at RedisClient.on_error (C:\Program Files\nodejs\node_modules\redis\index.js:151:24)
    at Socket.<anonymous> (C:\Program Files\nodejs\node_modules\redis\index.js:86:14)
    at Socket.EventEmitter.emit (events.js:96:17)
    at Socket._destroy.self.errorEmitted (net.js:328:14)
    at process.startup.processNextTick.process._tickCallback (node.js:244:9)

Time:2013-05-22 15:04:09
Error: Redis connection to 127.0.0.1:6379 failed - connect ECONNREFUSED
    at RedisClient.on_error (C:\Program Files\nodejs\node_modules\redis\index.js:151:24)
    at Socket.<anonymous> (C:\Program Files\nodejs\node_modules\redis\index.js:86:14)
    at Socket.EventEmitter.emit (events.js:96:17)
    at Socket._destroy.self.errorEmitted (net.js:328:14)
    at process.startup.processNextTick.process._tickCallback (node.js:244:9)

Time:2013-05-22 15:04:10
Error: Redis connection to 127.0.0.1:6379 failed - connect ECONNREFUSED
    at RedisClient.on_error (C:\Program Files\nodejs\node_modules\redis\index.js:151:24)
    at Socket.<anonymous> (C:\Program Files\nodejs\node_modules\redis\index.js:86:14)
    at Socket.EventEmitter.emit (events.js:96:17)
    at Socket._destroy.self.errorEmitted (net.js:328:14)
    at process.startup.processNextTick.process._tickCallback (node.js:244:9)

Time:2013-05-22 15:04:13
Error: Redis connection to 127.0.0.1:6379 failed - connect ECONNREFUSED
    at RedisClient.on_error (C:\Program Files\nodejs\node_modules\redis\index.js:151:24)
    at Socket.<anonymous> (C:\Program Files\nodejs\node_modules\redis\index.js:86:14)
    at Socket.EventEmitter.emit (events.js:96:17)
    at Socket._destroy.self.errorEmitted (net.js:328:14)
    at process.startup.processNextTick.process._tickCallback (node.js:244:9)

Time:2013-05-22 15:04:16
Error: Redis connection to 127.0.0.1:6379 failed - connect ECONNREFUSED
    at RedisClient.on_error (C:\Program Files\nodejs\node_modules\redis\index.js:151:24)
    at Socket.<anonymous> (C:\Program Files\nodejs\node_modules\redis\index.js:86:14)
    at Socket.EventEmitter.emit (events.js:96:17)
    at Socket._destroy.self.errorEmitted (net.js:328:14)
    at process.startup.processNextTick.process._tickCallback (node.js:244:9)

Time:2013-05-22 15:04:20
Error: Redis connection to 127.0.0.1:6379 failed - connect ECONNREFUSED
    at RedisClient.on_error (C:\Program Files\nodejs\node_modules\redis\index.js:151:24)
    at Socket.<anonymous> (C:\Program Files\nodejs\node_modules\redis\index.js:86:14)
    at Socket.EventEmitter.emit (events.js:96:17)
    at Socket._destroy.self.errorEmitted (net.js:328:14)
    at process.startup.processNextTick.process._tickCallback (node.js:244:9)

Time:2013-05-22 15:04:27
Error: Redis connection to 127.0.0.1:6379 failed - connect ECONNREFUSED
    at RedisClient.on_error (C:\Program Files\nodejs\node_modules\redis\index.js:151:24)
    at Socket.<anonymous> (C:\Program Files\nodejs\node_modules\redis\index.js:86:14)
    at Socket.EventEmitter.emit (events.js:96:17)
    at Socket._destroy.self.errorEmitted (net.js:328:14)
    at process.startup.processNextTick.process._tickCallback (node.js:244:9)

Time:2013-05-22 15:04:39
Error: Redis connection to 127.0.0.1:6379 failed - connect ECONNREFUSED
    at RedisClient.on_error (C:\Program Files\nodejs\node_modules\redis\index.js:151:24)
    at Socket.<anonymous> (C:\Program Files\nodejs\node_modules\redis\index.js:86:14)
    at Socket.EventEmitter.emit (events.js:96:17)
    at Socket._destroy.self.errorEmitted (net.js:328:14)
    at process.startup.processNextTick.process._tickCallback (node.js:244:9)

Time:2013-05-22 15:04:58
Error: Redis connection to 127.0.0.1:6379 failed - connect ECONNREFUSED
    at RedisClient.on_error (C:\Program Files\nodejs\node_modules\redis\index.js:151:24)
    at Socket.<anonymous> (C:\Program Files\nodejs\node_modules\redis\index.js:86:14)
    at Socket.EventEmitter.emit (events.js:96:17)
    at Socket._destroy.self.errorEmitted (net.js:328:14)
    at process.startup.processNextTick.process._tickCallback (node.js:244:9)

Time:2013-05-22 15:05:29
Error: Redis connection to 127.0.0.1:6379 failed - connect ECONNREFUSED
    at RedisClient.on_error (C:\Program Files\nodejs\node_modules\redis\index.js:151:24)
    at Socket.<anonymous> (C:\Program Files\nodejs\node_modules\redis\index.js:86:14)
    at Socket.EventEmitter.emit (events.js:96:17)
    at Socket._destroy.self.errorEmitted (net.js:328:14)
    at process.startup.processNextTick.process._tickCallback (node.js:244:9)

Time:2013-05-22 15:06:21
Error: Redis connection to 127.0.0.1:6379 failed - connect ECONNREFUSED
    at RedisClient.on_error (C:\Program Files\nodejs\node_modules\redis\index.js:151:24)
    at Socket.<anonymous> (C:\Program Files\nodejs\node_modules\redis\index.js:86:14)
    at Socket.EventEmitter.emit (events.js:96:17)
    at Socket._destroy.self.errorEmitted (net.js:328:14)
    at process.startup.processNextTick.process._tickCallback (node.js:244:9)

Time:2013-05-22 15:07:49
Error: Redis connection to 127.0.0.1:6379 failed - connect ECONNREFUSED
    at RedisClient.on_error (C:\Program Files\nodejs\node_modules\redis\index.js:151:24)
    at Socket.<anonymous> (C:\Program Files\nodejs\node_modules\redis\index.js:86:14)
    at Socket.EventEmitter.emit (events.js:96:17)
    at Socket._destroy.self.errorEmitted (net.js:328:14)
    at process.startup.processNextTick.process._tickCallback (node.js:244:9)

Time:2013-05-22 15:10:19
Error: Redis connection to 127.0.0.1:6379 failed - connect ECONNREFUSED
    at RedisClient.on_error (C:\Program Files\nodejs\node_modules\redis\index.js:151:24)
    at Socket.<anonymous> (C:\Program Files\nodejs\node_modules\redis\index.js:86:14)
    at Socket.EventEmitter.emit (events.js:96:17)
    at Socket._destroy.self.errorEmitted (net.js:328:14)
    at process.startup.processNextTick.process._tickCallback (node.js:244:9)

Time:2013-05-22 15:11:21
Error: listen EADDRINUSE
    at errnoException (net.js:769:11)
    at Server._listen2 (net.js:909:14)
    at listen (net.js:936:10)
    at Server.listen (net.js:985:5)
    at Object.listen (C:\Program Files\nodejs\node\nodeweb\nodeweb\server.js:41:9)
    at Object.<anonymous> (C:\Program Files\nodejs\node\nodeweb\nodeweb\app.js:9:8)
    at Module._compile (module.js:449:26)
    at Object.Module._extensions..js (module.js:467:10)
    at Module.load (module.js:356:32)
    at Function.Module._load (module.js:312:12)

Time:2013-05-22 15:11:22
Error: Redis connection to 127.0.0.1:6379 failed - connect ECONNREFUSED
    at RedisClient.on_error (C:\Program Files\nodejs\node_modules\redis\index.js:151:24)
    at Socket.<anonymous> (C:\Program Files\nodejs\node_modules\redis\index.js:86:14)
    at Socket.EventEmitter.emit (events.js:96:17)
    at Socket._destroy.self.errorEmitted (net.js:328:14)
    at process.startup.processNextTick.process._tickCallback (node.js:244:9)

Time:2013-05-22 15:11:23
Error: Redis connection to 127.0.0.1:6379 failed - connect ECONNREFUSED
    at RedisClient.on_error (C:\Program Files\nodejs\node_modules\redis\index.js:151:24)
    at Socket.<anonymous> (C:\Program Files\nodejs\node_modules\redis\index.js:86:14)
    at Socket.EventEmitter.emit (events.js:96:17)
    at Socket._destroy.self.errorEmitted (net.js:328:14)
    at process.startup.processNextTick.process._tickCallback (node.js:244:9)

Time:2013-05-22 15:11:25
Error: Redis connection to 127.0.0.1:6379 failed - connect ECONNREFUSED
    at RedisClient.on_error (C:\Program Files\nodejs\node_modules\redis\index.js:151:24)
    at Socket.<anonymous> (C:\Program Files\nodejs\node_modules\redis\index.js:86:14)
    at Socket.EventEmitter.emit (events.js:96:17)
    at Socket._destroy.self.errorEmitted (net.js:328:14)
    at process.startup.processNextTick.process._tickCallback (node.js:244:9)

Time:2013-05-22 15:11:27
Error: Redis connection to 127.0.0.1:6379 failed - connect ECONNREFUSED
    at RedisClient.on_error (C:\Program Files\nodejs\node_modules\redis\index.js:151:24)
    at Socket.<anonymous> (C:\Program Files\nodejs\node_modules\redis\index.js:86:14)
    at Socket.EventEmitter.emit (events.js:96:17)
    at Socket._destroy.self.errorEmitted (net.js:328:14)
    at process.startup.processNextTick.process._tickCallback (node.js:244:9)

Time:2013-05-22 15:11:29
Error: Redis connection to 127.0.0.1:6379 failed - connect ECONNREFUSED
    at RedisClient.on_error (C:\Program Files\nodejs\node_modules\redis\index.js:151:24)
    at Socket.<anonymous> (C:\Program Files\nodejs\node_modules\redis\index.js:86:14)
    at Socket.EventEmitter.emit (events.js:96:17)
    at Socket._destroy.self.errorEmitted (net.js:328:14)
    at process.startup.processNextTick.process._tickCallback (node.js:244:9)

Time:2013-05-22 15:11:32
Error: Redis connection to 127.0.0.1:6379 failed - connect ECONNREFUSED
    at RedisClient.on_error (C:\Program Files\nodejs\node_modules\redis\index.js:151:24)
    at Socket.<anonymous> (C:\Program Files\nodejs\node_modules\redis\index.js:86:14)
    at Socket.EventEmitter.emit (events.js:96:17)
    at Socket._destroy.self.errorEmitted (net.js:328:14)
    at process.startup.processNextTick.process._tickCallback (node.js:244:9)

Time:2013-05-22 15:11:37
Error: Redis connection to 127.0.0.1:6379 failed - connect ECONNREFUSED
    at RedisClient.on_error (C:\Program Files\nodejs\node_modules\redis\index.js:151:24)
    at Socket.<anonymous> (C:\Program Files\nodejs\node_modules\redis\index.js:86:14)
    at Socket.EventEmitter.emit (events.js:96:17)
    at Socket._destroy.self.errorEmitted (net.js:328:14)
    at process.startup.processNextTick.process._tickCallback (node.js:244:9)

Time:2013-05-22 15:11:44
Error: Redis connection to 127.0.0.1:6379 failed - connect ECONNREFUSED
    at RedisClient.on_error (C:\Program Files\nodejs\node_modules\redis\index.js:151:24)
    at Socket.<anonymous> (C:\Program Files\nodejs\node_modules\redis\index.js:86:14)
    at Socket.EventEmitter.emit (events.js:96:17)
    at Socket._destroy.self.errorEmitted (net.js:328:14)
    at process.startup.processNextTick.process._tickCallback (node.js:244:9)

Time:2013-05-22 15:11:55
Error: Redis connection to 127.0.0.1:6379 failed - connect ECONNREFUSED
    at RedisClient.on_error (C:\Program Files\nodejs\node_modules\redis\index.js:151:24)
    at Socket.<anonymous> (C:\Program Files\nodejs\node_modules\redis\index.js:86:14)
    at Socket.EventEmitter.emit (events.js:96:17)
    at Socket._destroy.self.errorEmitted (net.js:328:14)
    at process.startup.processNextTick.process._tickCallback (node.js:244:9)

Time:2013-05-22 15:12:14
Error: Redis connection to 127.0.0.1:6379 failed - connect ECONNREFUSED
    at RedisClient.on_error (C:\Program Files\nodejs\node_modules\redis\index.js:151:24)
    at Socket.<anonymous> (C:\Program Files\nodejs\node_modules\redis\index.js:86:14)
    at Socket.EventEmitter.emit (events.js:96:17)
    at Socket._destroy.self.errorEmitted (net.js:328:14)
    at process.startup.processNextTick.process._tickCallback (node.js:244:9)

Time:2013-05-22 15:12:45
Error: Redis connection to 127.0.0.1:6379 failed - connect ECONNREFUSED
    at RedisClient.on_error (C:\Program Files\nodejs\node_modules\redis\index.js:151:24)
    at Socket.<anonymous> (C:\Program Files\nodejs\node_modules\redis\index.js:86:14)
    at Socket.EventEmitter.emit (events.js:96:17)
    at Socket._destroy.self.errorEmitted (net.js:328:14)
    at process.startup.processNextTick.process._tickCallback (node.js:244:9)

Time:2013-05-22 15:14:26
Error: listen EADDRINUSE
    at errnoException (net.js:769:11)
    at Server._listen2 (net.js:909:14)
    at listen (net.js:936:10)
    at Server.listen (net.js:985:5)
    at Object.listen (C:\Program Files\nodejs\node\nodeweb\nodeweb\server.js:41:9)
    at Object.<anonymous> (C:\Program Files\nodejs\node\nodeweb\nodeweb\app.js:9:8)
    at Module._compile (module.js:449:26)
    at Object.Module._extensions..js (module.js:467:10)
    at Module.load (module.js:356:32)
    at Function.Module._load (module.js:312:12)

Time:2013-05-22 15:14:27
Error: Redis connection to 127.0.0.1:6379 failed - connect ECONNREFUSED
    at RedisClient.on_error (C:\Program Files\nodejs\node_modules\redis\index.js:151:24)
    at Socket.<anonymous> (C:\Program Files\nodejs\node_modules\redis\index.js:86:14)
    at Socket.EventEmitter.emit (events.js:96:17)
    at Socket._destroy.self.errorEmitted (net.js:328:14)
    at process.startup.processNextTick.process._tickCallback (node.js:244:9)

Time:2013-05-22 15:14:28
Error: Redis connection to 127.0.0.1:6379 failed - connect ECONNREFUSED
    at RedisClient.on_error (C:\Program Files\nodejs\node_modules\redis\index.js:151:24)
    at Socket.<anonymous> (C:\Program Files\nodejs\node_modules\redis\index.js:86:14)
    at Socket.EventEmitter.emit (events.js:96:17)
    at Socket._destroy.self.errorEmitted (net.js:328:14)
    at process.startup.processNextTick.process._tickCallback (node.js:244:9)

Time:2013-05-22 15:14:29
Error: Redis connection to 127.0.0.1:6379 failed - connect ECONNREFUSED
    at RedisClient.on_error (C:\Program Files\nodejs\node_modules\redis\index.js:151:24)
    at Socket.<anonymous> (C:\Program Files\nodejs\node_modules\redis\index.js:86:14)
    at Socket.EventEmitter.emit (events.js:96:17)
    at Socket._destroy.self.errorEmitted (net.js:328:14)
    at process.startup.processNextTick.process._tickCallback (node.js:244:9)

Time:2013-05-22 15:14:31
Error: Redis connection to 127.0.0.1:6379 failed - connect ECONNREFUSED
    at RedisClient.on_error (C:\Program Files\nodejs\node_modules\redis\index.js:151:24)
    at Socket.<anonymous> (C:\Program Files\nodejs\node_modules\redis\index.js:86:14)
    at Socket.EventEmitter.emit (events.js:96:17)
    at Socket._destroy.self.errorEmitted (net.js:328:14)
    at process.startup.processNextTick.process._tickCallback (node.js:244:9)

Time:2013-05-22 15:14:32
Error: Redis connection to 127.0.0.1:6379 failed - connect ECONNREFUSED
    at RedisClient.on_error (C:\Program Files\nodejs\node_modules\redis\index.js:151:24)
    at Socket.<anonymous> (C:\Program Files\nodejs\node_modules\redis\index.js:86:14)
    at Socket.EventEmitter.emit (events.js:96:17)
    at Socket._destroy.self.errorEmitted (net.js:328:14)
    at process.startup.processNextTick.process._tickCallback (node.js:244:9)

Time:2013-05-22 15:14:33
Error: Redis connection to 127.0.0.1:6379 failed - connect ECONNREFUSED
    at RedisClient.on_error (C:\Program Files\nodejs\node_modules\redis\index.js:151:24)
    at Socket.<anonymous> (C:\Program Files\nodejs\node_modules\redis\index.js:86:14)
    at Socket.EventEmitter.emit (events.js:96:17)
    at Socket._destroy.self.errorEmitted (net.js:328:14)
    at process.startup.processNextTick.process._tickCallback (node.js:244:9)

Time:2013-05-22 15:14:36
Error: Redis connection to 127.0.0.1:6379 failed - connect ECONNREFUSED
    at RedisClient.on_error (C:\Program Files\nodejs\node_modules\redis\index.js:151:24)
    at Socket.<anonymous> (C:\Program Files\nodejs\node_modules\redis\index.js:86:14)
    at Socket.EventEmitter.emit (events.js:96:17)
    at Socket._destroy.self.errorEmitted (net.js:328:14)
    at process.startup.processNextTick.process._tickCallback (node.js:244:9)

Time:2013-05-22 15:14:41
Error: Redis connection to 127.0.0.1:6379 failed - connect ECONNREFUSED
    at RedisClient.on_error (C:\Program Files\nodejs\node_modules\redis\index.js:151:24)
    at Socket.<anonymous> (C:\Program Files\nodejs\node_modules\redis\index.js:86:14)
    at Socket.EventEmitter.emit (events.js:96:17)
    at Socket._destroy.self.errorEmitted (net.js:328:14)
    at process.startup.processNextTick.process._tickCallback (node.js:244:9)

Time:2013-05-22 15:14:48
Error: Redis connection to 127.0.0.1:6379 failed - connect ECONNREFUSED
    at RedisClient.on_error (C:\Program Files\nodejs\node_modules\redis\index.js:151:24)
    at Socket.<anonymous> (C:\Program Files\nodejs\node_modules\redis\index.js:86:14)
    at Socket.EventEmitter.emit (events.js:96:17)
    at Socket._destroy.self.errorEmitted (net.js:328:14)
    at process.startup.processNextTick.process._tickCallback (node.js:244:9)

Time:2013-05-22 15:15:00
Error: Redis connection to 127.0.0.1:6379 failed - connect ECONNREFUSED
    at RedisClient.on_error (C:\Program Files\nodejs\node_modules\redis\index.js:151:24)
    at Socket.<anonymous> (C:\Program Files\nodejs\node_modules\redis\index.js:86:14)
    at Socket.EventEmitter.emit (events.js:96:17)
    at Socket._destroy.self.errorEmitted (net.js:328:14)
    at process.startup.processNextTick.process._tickCallback (node.js:244:9)

Time:2013-05-22 15:15:18
Error: Redis connection to 127.0.0.1:6379 failed - connect ECONNREFUSED
    at RedisClient.on_error (C:\Program Files\nodejs\node_modules\redis\index.js:151:24)
    at Socket.<anonymous> (C:\Program Files\nodejs\node_modules\redis\index.js:86:14)
    at Socket.EventEmitter.emit (events.js:96:17)
    at Socket._destroy.self.errorEmitted (net.js:328:14)
    at process.startup.processNextTick.process._tickCallback (node.js:244:9)

Time:2013-05-22 15:15:50
Error: Redis connection to 127.0.0.1:6379 failed - connect ECONNREFUSED
    at RedisClient.on_error (C:\Program Files\nodejs\node_modules\redis\index.js:151:24)
    at Socket.<anonymous> (C:\Program Files\nodejs\node_modules\redis\index.js:86:14)
    at Socket.EventEmitter.emit (events.js:96:17)
    at Socket._destroy.self.errorEmitted (net.js:328:14)
    at process.startup.processNextTick.process._tickCallback (node.js:244:9)

Time:2013-05-22 15:18:25
Error: listen EADDRINUSE
    at errnoException (net.js:769:11)
    at Server._listen2 (net.js:909:14)
    at listen (net.js:936:10)
    at Server.listen (net.js:985:5)
    at Object.listen (C:\Program Files\nodejs\node\nodeweb\nodeweb\server.js:41:9)
    at Object.<anonymous> (C:\Program Files\nodejs\node\nodeweb\nodeweb\app.js:9:8)
    at Module._compile (module.js:449:26)
    at Object.Module._extensions..js (module.js:467:10)
    at Module.load (module.js:356:32)
    at Function.Module._load (module.js:312:12)

Time:2013-05-22 16:22:36
TypeError: Cannot read property 'message' of null
    at Object.handleException (C:\Program Files\nodejs\node\nodeweb\nodeweb\init.js:130:43)
    at captcha.destory (C:\Program Files\nodejs\node\nodeweb\nodeweb\lib\captcha.js:195:25)
    at null.<anonymous> (C:\Program Files\nodejs\node_modules\mongodb\lib\mongodb\collection.js:196:9)
    at g (events.js:192:14)
    at EventEmitter.emit (events.js:126:20)
    at Server.Base._callHandler (C:\Program Files\nodejs\node_modules\mongodb\lib\mongodb\connection\base.js:130:25)
    at Server.connect.connectionPool.on.server._serverState (C:\Program Files\nodejs\node_modules\mongodb\lib\mongodb\connection\server.js:522:20)
    at MongoReply.parseBody (C:\Program Files\nodejs\node_modules\mongodb\lib\mongodb\responses\mongo_reply.js:132:5)
    at Server.connect.connectionPool.on.server._serverState (C:\Program Files\nodejs\node_modules\mongodb\lib\mongodb\connection\server.js:481:22)
    at EventEmitter.emit (events.js:96:17)

Time:2013-05-22 16:52:36
TypeError: Cannot read property 'message' of null
    at Object.handleException (C:\Program Files\nodejs\node\nodeweb\nodeweb\init.js:130:43)
    at captcha.destory (C:\Program Files\nodejs\node\nodeweb\nodeweb\lib\captcha.js:195:25)
    at null.<anonymous> (C:\Program Files\nodejs\node_modules\mongodb\lib\mongodb\collection.js:196:9)
    at g (events.js:192:14)
    at EventEmitter.emit (events.js:126:20)
    at Server.Base._callHandler (C:\Program Files\nodejs\node_modules\mongodb\lib\mongodb\connection\base.js:130:25)
    at Server.connect.connectionPool.on.server._serverState (C:\Program Files\nodejs\node_modules\mongodb\lib\mongodb\connection\server.js:522:20)
    at MongoReply.parseBody (C:\Program Files\nodejs\node_modules\mongodb\lib\mongodb\responses\mongo_reply.js:132:5)
    at Server.connect.connectionPool.on.server._serverState (C:\Program Files\nodejs\node_modules\mongodb\lib\mongodb\connection\server.js:481:22)
    at EventEmitter.emit (events.js:96:17)

Time:2013-05-22 17:22:36
TypeError: Cannot read property 'message' of null
    at Object.handleException (C:\Program Files\nodejs\node\nodeweb\nodeweb\init.js:130:43)
    at captcha.destory (C:\Program Files\nodejs\node\nodeweb\nodeweb\lib\captcha.js:195:25)
    at null.<anonymous> (C:\Program Files\nodejs\node_modules\mongodb\lib\mongodb\collection.js:196:9)
    at g (events.js:192:14)
    at EventEmitter.emit (events.js:126:20)
    at Server.Base._callHandler (C:\Program Files\nodejs\node_modules\mongodb\lib\mongodb\connection\base.js:130:25)
    at Server.connect.connectionPool.on.server._serverState (C:\Program Files\nodejs\node_modules\mongodb\lib\mongodb\connection\server.js:522:20)
    at MongoReply.parseBody (C:\Program Files\nodejs\node_modules\mongodb\lib\mongodb\responses\mongo_reply.js:132:5)
    at Server.connect.connectionPool.on.server._serverState (C:\Program Files\nodejs\node_modules\mongodb\lib\mongodb\connection\server.js:481:22)
    at EventEmitter.emit (events.js:96:17)

Time:2013-05-22 17:52:36
TypeError: Cannot read property 'message' of null
    at Object.handleException (C:\Program Files\nodejs\node\nodeweb\nodeweb\init.js:130:43)
    at captcha.destory (C:\Program Files\nodejs\node\nodeweb\nodeweb\lib\captcha.js:195:25)
    at null.<anonymous> (C:\Program Files\nodejs\node_modules\mongodb\lib\mongodb\collection.js:196:9)
    at g (events.js:192:14)
    at EventEmitter.emit (events.js:126:20)
    at Server.Base._callHandler (C:\Program Files\nodejs\node_modules\mongodb\lib\mongodb\connection\base.js:130:25)
    at Server.connect.connectionPool.on.server._serverState (C:\Program Files\nodejs\node_modules\mongodb\lib\mongodb\connection\server.js:522:20)
    at MongoReply.parseBody (C:\Program Files\nodejs\node_modules\mongodb\lib\mongodb\responses\mongo_reply.js:132:5)
    at Server.connect.connectionPool.on.server._serverState (C:\Program Files\nodejs\node_modules\mongodb\lib\mongodb\connection\server.js:481:22)
    at EventEmitter.emit (events.js:96:17)

