Time:2013-05-18 15:28:55
Error:Redis connection to 127.0.0.1:6379 failed - connect ECONNREFUSED
Stack:Error: Redis connection to 127.0.0.1:6379 failed - connect ECONNREFUSED
    at RedisClient.on_error (C:\Program Files\nodejs\node_modules\redis\index.js:151:24)
    at Socket.<anonymous> (C:\Program Files\nodejs\node_modules\redis\index.js:86:14)
    at Socket.EventEmitter.emit (events.js:96:17)
    at Socket._destroy.self.errorEmitted (net.js:328:14)
    at process.startup.processNextTick.process._tickCallback (node.js:244:9)

Time:2013-05-18 15:28:56
Error:Redis connection to 127.0.0.1:6379 failed - connect ECONNREFUSED
Stack:Error: Redis connection to 127.0.0.1:6379 failed - connect ECONNREFUSED
    at RedisClient.on_error (C:\Program Files\nodejs\node_modules\redis\index.js:151:24)
    at Socket.<anonymous> (C:\Program Files\nodejs\node_modules\redis\index.js:86:14)
    at Socket.EventEmitter.emit (events.js:96:17)
    at Socket._destroy.self.errorEmitted (net.js:328:14)
    at process.startup.processNextTick.process._tickCallback (node.js:244:9)

Time:2013-05-18 15:28:57
Error:Redis connection to 127.0.0.1:6379 failed - connect ECONNREFUSED
Stack:Error: Redis connection to 127.0.0.1:6379 failed - connect ECONNREFUSED
    at RedisClient.on_error (C:\Program Files\nodejs\node_modules\redis\index.js:151:24)
    at Socket.<anonymous> (C:\Program Files\nodejs\node_modules\redis\index.js:86:14)
    at Socket.EventEmitter.emit (events.js:96:17)
    at Socket._destroy.self.errorEmitted (net.js:328:14)
    at process.startup.processNextTick.process._tickCallback (node.js:244:9)

Time:2013-05-18 15:28:59
Error:Redis connection to 127.0.0.1:6379 failed - connect ECONNREFUSED
Stack:Error: Redis connection to 127.0.0.1:6379 failed - connect ECONNREFUSED
    at RedisClient.on_error (C:\Program Files\nodejs\node_modules\redis\index.js:151:24)
    at Socket.<anonymous> (C:\Program Files\nodejs\node_modules\redis\index.js:86:14)
    at Socket.EventEmitter.emit (events.js:96:17)
    at Socket._destroy.self.errorEmitted (net.js:328:14)
    at process.startup.processNextTick.process._tickCallback (node.js:244:9)

Time:2013-05-18 15:29:01
Error:Redis connection to 127.0.0.1:6379 failed - connect ECONNREFUSED
Stack:Error: Redis connection to 127.0.0.1:6379 failed - connect ECONNREFUSED
    at RedisClient.on_error (C:\Program Files\nodejs\node_modules\redis\index.js:151:24)
    at Socket.<anonymous> (C:\Program Files\nodejs\node_modules\redis\index.js:86:14)
    at Socket.EventEmitter.emit (events.js:96:17)
    at Socket._destroy.self.errorEmitted (net.js:328:14)
    at process.startup.processNextTick.process._tickCallback (node.js:244:9)

Time:2013-05-18 15:30:28
Error:Redis connection to 127.0.0.1:6379 failed - connect ECONNREFUSED
Stack:Error: Redis connection to 127.0.0.1:6379 failed - connect ECONNREFUSED
    at RedisClient.on_error (C:\Program Files\nodejs\node_modules\redis\index.js:151:24)
    at Socket.<anonymous> (C:\Program Files\nodejs\node_modules\redis\index.js:86:14)
    at Socket.EventEmitter.emit (events.js:96:17)
    at Socket._destroy.self.errorEmitted (net.js:328:14)
    at process.startup.processNextTick.process._tickCallback (node.js:244:9)

Time:2013-05-18 15:30:30
Error:Redis connection to 127.0.0.1:6379 failed - connect ECONNREFUSED
Stack:Error: Redis connection to 127.0.0.1:6379 failed - connect ECONNREFUSED
    at RedisClient.on_error (C:\Program Files\nodejs\node_modules\redis\index.js:151:24)
    at Socket.<anonymous> (C:\Program Files\nodejs\node_modules\redis\index.js:86:14)
    at Socket.EventEmitter.emit (events.js:96:17)
    at Socket._destroy.self.errorEmitted (net.js:328:14)
    at process.startup.processNextTick.process._tickCallback (node.js:244:9)

Time:2013-05-18 15:30:32
Error: Redis connection to 127.0.0.1:6379 failed - connect ECONNREFUSED
    at RedisClient.on_error (C:\Program Files\nodejs\node_modules\redis\index.js:151:24)
    at Socket.<anonymous> (C:\Program Files\nodejs\node_modules\redis\index.js:86:14)
    at Socket.EventEmitter.emit (events.js:96:17)
    at Socket._destroy.self.errorEmitted (net.js:328:14)
    at process.startup.processNextTick.process._tickCallback (node.js:244:9)

Time:2013-05-18 15:30:34
Error:Redis connection to 127.0.0.1:6379 failed - connect ECONNREFUSED
Stack:Error: Redis connection to 127.0.0.1:6379 failed - connect ECONNREFUSED
    at RedisClient.on_error (C:\Program Files\nodejs\node_modules\redis\index.js:151:24)
    at Socket.<anonymous> (C:\Program Files\nodejs\node_modules\redis\index.js:86:14)
    at Socket.EventEmitter.emit (events.js:96:17)
    at Socket._destroy.self.errorEmitted (net.js:328:14)
    at process.startup.processNextTick.process._tickCallback (node.js:244:9)

Time:2013-05-18 15:43:56
Error: listen EADDRINUSE
    at errnoException (net.js:769:11)
    at Server._listen2 (net.js:909:14)
    at listen (net.js:936:10)
    at Server.listen (net.js:985:5)
    at Object.listen (C:\Program Files\nodejs\mynode\nodeweb\server.js:41:9)
    at Object.<anonymous> (C:\Program Files\nodejs\mynode\nodeweb\app.js:8:8)
    at Module._compile (module.js:449:26)
    at Object.Module._extensions..js (module.js:467:10)
    at Module.load (module.js:356:32)
    at Function.Module._load (module.js:312:12)

Time:2013-05-18 16:48:06
Error: listen EADDRINUSE
    at errnoException (net.js:769:11)
    at Server._listen2 (net.js:909:14)
    at listen (net.js:936:10)
    at Server.listen (net.js:985:5)
    at Object.listen (C:\Program Files\nodejs\mynode\nodeweb\server.js:41:9)
    at Object.<anonymous> (C:\Program Files\nodejs\mynode\nodeweb\app.js:8:8)
    at Module._compile (module.js:449:26)
    at Object.Module._extensions..js (module.js:467:10)
    at Module.load (module.js:356:32)
    at Function.Module._load (module.js:312:12)

Time:2013-05-18 16:49:31
TypeError: object is not a function
    at Object.captcha.js.mongodbcreat (C:\Program Files\nodejs\mynode\nodeweb\handleapp\captcha.js.js:168:5)
    at Object.captcha.js.creat (C:\Program Files\nodejs\mynode\nodeweb\handleapp\captcha.js.js:163:13)
    at Object._handler.getlist (C:\Program Files\nodejs\mynode\nodeweb\handleapp\captcha.js.js:26:17)
    at Object.handle (C:\Program Files\nodejs\mynode\nodeweb\handleapp\captcha.js.js:18:33)
    at Object.handle (C:\Program Files\nodejs\mynode\nodeweb\handler.js:37:20)
    at header.<anonymous> (C:\Program Files\nodejs\mynode\nodeweb\route.js:84:13)
    at header.EventEmitter.emit (events.js:99:17)
    at new header (C:\Program Files\nodejs\mynode\nodeweb\route.js:59:14)
    at Object.route (C:\Program Files\nodejs\mynode\nodeweb\route.js:12:17)
    at Server.handleRequest (C:\Program Files\nodejs\mynode\nodeweb\server.js:14:8)

Time:2013-05-18 16:49:37
TypeError: object is not a function
    at Object.captcha.js.mongodbcreat (C:\Program Files\nodejs\mynode\nodeweb\handleapp\captcha.js.js:168:5)
    at Object.captcha.js.creat (C:\Program Files\nodejs\mynode\nodeweb\handleapp\captcha.js.js:163:13)
    at Object._handler.getlist (C:\Program Files\nodejs\mynode\nodeweb\handleapp\captcha.js.js:26:17)
    at Object.handle (C:\Program Files\nodejs\mynode\nodeweb\handleapp\captcha.js.js:18:33)
    at Object.handle (C:\Program Files\nodejs\mynode\nodeweb\handler.js:37:20)
    at header.<anonymous> (C:\Program Files\nodejs\mynode\nodeweb\route.js:84:13)
    at header.EventEmitter.emit (events.js:99:17)
    at new header (C:\Program Files\nodejs\mynode\nodeweb\route.js:59:14)
    at Object.route (C:\Program Files\nodejs\mynode\nodeweb\route.js:12:17)
    at Server.handleRequest (C:\Program Files\nodejs\mynode\nodeweb\server.js:14:8)

Time:2013-05-18 17:51:54
TypeError: Cannot read property 'message' of null
    at Object.handleException (C:\Program Files\nodejs\mynode\nodeweb\init.js:109:43)
    at captcha.js.destory (C:\Program Files\nodejs\mynode\nodeweb\handleapp\captcha.js.js:232:25)
    at null.<anonymous> (C:\Program Files\nodejs\node_modules\mongodb\lib\mongodb\collection.js:196:9)
    at g (events.js:192:14)
    at EventEmitter.emit (events.js:126:20)
    at Server.Base._callHandler (C:\Program Files\nodejs\node_modules\mongodb\lib\mongodb\connection\base.js:130:25)
    at Server.connect.connectionPool.on.server._serverState (C:\Program Files\nodejs\node_modules\mongodb\lib\mongodb\connection\server.js:522:20)
    at MongoReply.parseBody (C:\Program Files\nodejs\node_modules\mongodb\lib\mongodb\responses\mongo_reply.js:132:5)
    at Server.connect.connectionPool.on.server._serverState (C:\Program Files\nodejs\node_modules\mongodb\lib\mongodb\connection\server.js:481:22)
    at EventEmitter.emit (events.js:96:17)

Time:2013-05-18 18:21:54
TypeError: Cannot read property 'message' of null
    at Object.handleException (C:\Program Files\nodejs\mynode\nodeweb\init.js:109:43)
    at captcha.js.destory (C:\Program Files\nodejs\mynode\nodeweb\handleapp\captcha.js.js:232:25)
    at null.<anonymous> (C:\Program Files\nodejs\node_modules\mongodb\lib\mongodb\collection.js:196:9)
    at g (events.js:192:14)
    at EventEmitter.emit (events.js:126:20)
    at Server.Base._callHandler (C:\Program Files\nodejs\node_modules\mongodb\lib\mongodb\connection\base.js:130:25)
    at Server.connect.connectionPool.on.server._serverState (C:\Program Files\nodejs\node_modules\mongodb\lib\mongodb\connection\server.js:522:20)
    at MongoReply.parseBody (C:\Program Files\nodejs\node_modules\mongodb\lib\mongodb\responses\mongo_reply.js:132:5)
    at Server.connect.connectionPool.on.server._serverState (C:\Program Files\nodejs\node_modules\mongodb\lib\mongodb\connection\server.js:481:22)
    at EventEmitter.emit (events.js:96:17)

Time:2013-05-18 18:51:54
TypeError: Cannot read property 'message' of null
    at Object.handleException (C:\Program Files\nodejs\mynode\nodeweb\init.js:109:43)
    at captcha.js.destory (C:\Program Files\nodejs\mynode\nodeweb\handleapp\captcha.js.js:232:25)
    at null.<anonymous> (C:\Program Files\nodejs\node_modules\mongodb\lib\mongodb\collection.js:196:9)
    at g (events.js:192:14)
    at EventEmitter.emit (events.js:126:20)
    at Server.Base._callHandler (C:\Program Files\nodejs\node_modules\mongodb\lib\mongodb\connection\base.js:130:25)
    at Server.connect.connectionPool.on.server._serverState (C:\Program Files\nodejs\node_modules\mongodb\lib\mongodb\connection\server.js:522:20)
    at MongoReply.parseBody (C:\Program Files\nodejs\node_modules\mongodb\lib\mongodb\responses\mongo_reply.js:132:5)
    at Server.connect.connectionPool.on.server._serverState (C:\Program Files\nodejs\node_modules\mongodb\lib\mongodb\connection\server.js:481:22)
    at EventEmitter.emit (events.js:96:17)

Time:2013-05-18 19:21:54
TypeError: Cannot read property 'message' of null
    at Object.handleException (C:\Program Files\nodejs\mynode\nodeweb\init.js:109:43)
    at captcha.js.destory (C:\Program Files\nodejs\mynode\nodeweb\handleapp\captcha.js.js:232:25)
    at null.<anonymous> (C:\Program Files\nodejs\node_modules\mongodb\lib\mongodb\collection.js:196:9)
    at g (events.js:192:14)
    at EventEmitter.emit (events.js:126:20)
    at Server.Base._callHandler (C:\Program Files\nodejs\node_modules\mongodb\lib\mongodb\connection\base.js:130:25)
    at Server.connect.connectionPool.on.server._serverState (C:\Program Files\nodejs\node_modules\mongodb\lib\mongodb\connection\server.js:522:20)
    at MongoReply.parseBody (C:\Program Files\nodejs\node_modules\mongodb\lib\mongodb\responses\mongo_reply.js:132:5)
    at Server.connect.connectionPool.on.server._serverState (C:\Program Files\nodejs\node_modules\mongodb\lib\mongodb\connection\server.js:481:22)
    at EventEmitter.emit (events.js:96:17)

Time:2013-05-18 19:51:54
TypeError: Cannot read property 'message' of null
    at Object.handleException (C:\Program Files\nodejs\mynode\nodeweb\init.js:109:43)
    at captcha.js.destory (C:\Program Files\nodejs\mynode\nodeweb\handleapp\captcha.js.js:232:25)
    at null.<anonymous> (C:\Program Files\nodejs\node_modules\mongodb\lib\mongodb\collection.js:196:9)
    at g (events.js:192:14)
    at EventEmitter.emit (events.js:126:20)
    at Server.Base._callHandler (C:\Program Files\nodejs\node_modules\mongodb\lib\mongodb\connection\base.js:130:25)
    at Server.connect.connectionPool.on.server._serverState (C:\Program Files\nodejs\node_modules\mongodb\lib\mongodb\connection\server.js:522:20)
    at MongoReply.parseBody (C:\Program Files\nodejs\node_modules\mongodb\lib\mongodb\responses\mongo_reply.js:132:5)
    at Server.connect.connectionPool.on.server._serverState (C:\Program Files\nodejs\node_modules\mongodb\lib\mongodb\connection\server.js:481:22)
    at EventEmitter.emit (events.js:96:17)

Time:2013-05-18 20:34:56
Error: Redis connection to 127.0.0.1:6379 failed - connect ECONNREFUSED
    at RedisClient.on_error (C:\Program Files\nodejs\node_modules\redis\index.js:151:24)
    at Socket.<anonymous> (C:\Program Files\nodejs\node_modules\redis\index.js:86:14)
    at Socket.EventEmitter.emit (events.js:96:17)
    at Socket._destroy.self.errorEmitted (net.js:328:14)
    at process.startup.processNextTick.process._tickCallback (node.js:244:9)

Time:2013-05-18 20:34:58
Error: Redis connection to 127.0.0.1:6379 failed - connect ECONNREFUSED
    at RedisClient.on_error (C:\Program Files\nodejs\node_modules\redis\index.js:151:24)
    at Socket.<anonymous> (C:\Program Files\nodejs\node_modules\redis\index.js:86:14)
    at Socket.EventEmitter.emit (events.js:96:17)
    at Socket._destroy.self.errorEmitted (net.js:328:14)
    at process.startup.processNextTick.process._tickCallback (node.js:244:9)

Time:2013-05-18 20:34:59
Error: Redis connection to 127.0.0.1:6379 failed - connect ECONNREFUSED
    at RedisClient.on_error (C:\Program Files\nodejs\node_modules\redis\index.js:151:24)
    at Socket.<anonymous> (C:\Program Files\nodejs\node_modules\redis\index.js:86:14)
    at Socket.EventEmitter.emit (events.js:96:17)
    at Socket._destroy.self.errorEmitted (net.js:328:14)
    at process.startup.processNextTick.process._tickCallback (node.js:244:9)

Time:2013-05-18 20:35:01
Error: Redis connection to 127.0.0.1:6379 failed - connect ECONNREFUSED
    at RedisClient.on_error (C:\Program Files\nodejs\node_modules\redis\index.js:151:24)
    at Socket.<anonymous> (C:\Program Files\nodejs\node_modules\redis\index.js:86:14)
    at Socket.EventEmitter.emit (events.js:96:17)
    at Socket._destroy.self.errorEmitted (net.js:328:14)
    at process.startup.processNextTick.process._tickCallback (node.js:244:9)

Time:2013-05-18 20:35:03
Error: Redis connection to 127.0.0.1:6379 failed - connect ECONNREFUSED
    at RedisClient.on_error (C:\Program Files\nodejs\node_modules\redis\index.js:151:24)
    at Socket.<anonymous> (C:\Program Files\nodejs\node_modules\redis\index.js:86:14)
    at Socket.EventEmitter.emit (events.js:96:17)
    at Socket._destroy.self.errorEmitted (net.js:328:14)
    at process.startup.processNextTick.process._tickCallback (node.js:244:9)

Time:2013-05-18 20:35:06
Error: Redis connection to 127.0.0.1:6379 failed - connect ECONNREFUSED
    at RedisClient.on_error (C:\Program Files\nodejs\node_modules\redis\index.js:151:24)
    at Socket.<anonymous> (C:\Program Files\nodejs\node_modules\redis\index.js:86:14)
    at Socket.EventEmitter.emit (events.js:96:17)
    at Socket._destroy.self.errorEmitted (net.js:328:14)
    at process.startup.processNextTick.process._tickCallback (node.js:244:9)

Time:2013-05-18 20:35:11
Error: Redis connection to 127.0.0.1:6379 failed - connect ECONNREFUSED
    at RedisClient.on_error (C:\Program Files\nodejs\node_modules\redis\index.js:151:24)
    at Socket.<anonymous> (C:\Program Files\nodejs\node_modules\redis\index.js:86:14)
    at Socket.EventEmitter.emit (events.js:96:17)
    at Socket._destroy.self.errorEmitted (net.js:328:14)
    at process.startup.processNextTick.process._tickCallback (node.js:244:9)

Time:2013-05-18 21:11:24
TypeError: Argument must be a string
    at _handler.piccaptcha (C:\Program Files\nodejs\mynode\nodeweb\handleapp\captcha.js:51:45)
    at fs.readFile (fs.js:176:14)
    at Object.oncomplete (fs.js:297:15)

Time:2013-05-18 21:59:37
TypeError: Cannot read property 'message' of null
    at Object.handleException (C:\Program Files\nodejs\mynode\nodeweb\init.js:109:43)
    at captcha.destory (C:\Program Files\nodejs\mynode\nodeweb\handleapp\captcha.js:252:25)
    at null.<anonymous> (C:\Program Files\nodejs\node_modules\mongodb\lib\mongodb\collection.js:196:9)
    at g (events.js:192:14)
    at EventEmitter.emit (events.js:126:20)
    at Server.Base._callHandler (C:\Program Files\nodejs\node_modules\mongodb\lib\mongodb\connection\base.js:130:25)
    at Server.connect.connectionPool.on.server._serverState (C:\Program Files\nodejs\node_modules\mongodb\lib\mongodb\connection\server.js:522:20)
    at MongoReply.parseBody (C:\Program Files\nodejs\node_modules\mongodb\lib\mongodb\responses\mongo_reply.js:132:5)
    at Server.connect.connectionPool.on.server._serverState (C:\Program Files\nodejs\node_modules\mongodb\lib\mongodb\connection\server.js:481:22)
    at EventEmitter.emit (events.js:96:17)

Time:2013-05-18 21:59:37
TypeError: Cannot read property 'message' of null
    at Object.handleException (C:\Program Files\nodejs\mynode\nodeweb\init.js:109:43)
    at captcha.destory (C:\Program Files\nodejs\mynode\nodeweb\lib\captcha.js:195:25)
    at null.<anonymous> (C:\Program Files\nodejs\node_modules\mongodb\lib\mongodb\collection.js:196:9)
    at g (events.js:192:14)
    at EventEmitter.emit (events.js:126:20)
    at Server.Base._callHandler (C:\Program Files\nodejs\node_modules\mongodb\lib\mongodb\connection\base.js:130:25)
    at Server.connect.connectionPool.on.server._serverState (C:\Program Files\nodejs\node_modules\mongodb\lib\mongodb\connection\server.js:522:20)
    at MongoReply.parseBody (C:\Program Files\nodejs\node_modules\mongodb\lib\mongodb\responses\mongo_reply.js:132:5)
    at Server.connect.connectionPool.on.server._serverState (C:\Program Files\nodejs\node_modules\mongodb\lib\mongodb\connection\server.js:481:22)
    at EventEmitter.emit (events.js:96:17)

