Time:2013-05-19 11:05:56
Error: Redis connection to 127.0.0.1:6379 failed - connect ECONNREFUSED
    at RedisClient.on_error (C:\Program Files\nodejs\node_modules\redis\index.js:151:24)
    at Socket.<anonymous> (C:\Program Files\nodejs\node_modules\redis\index.js:86:14)
    at Socket.EventEmitter.emit (events.js:96:17)
    at Socket._destroy.self.errorEmitted (net.js:328:14)
    at process.startup.processNextTick.process._tickCallback (node.js:244:9)

Time:2013-05-19 11:05:57
Error: Redis connection to 127.0.0.1:6379 failed - connect ECONNREFUSED
    at RedisClient.on_error (C:\Program Files\nodejs\node_modules\redis\index.js:151:24)
    at Socket.<anonymous> (C:\Program Files\nodejs\node_modules\redis\index.js:86:14)
    at Socket.EventEmitter.emit (events.js:96:17)
    at Socket._destroy.self.errorEmitted (net.js:328:14)
    at process.startup.processNextTick.process._tickCallback (node.js:244:9)

Time:2013-05-19 11:05:59
Error: Redis connection to 127.0.0.1:6379 failed - connect ECONNREFUSED
    at RedisClient.on_error (C:\Program Files\nodejs\node_modules\redis\index.js:151:24)
    at Socket.<anonymous> (C:\Program Files\nodejs\node_modules\redis\index.js:86:14)
    at Socket.EventEmitter.emit (events.js:96:17)
    at Socket._destroy.self.errorEmitted (net.js:328:14)
    at process.startup.processNextTick.process._tickCallback (node.js:244:9)

Time:2013-05-19 11:06:01
Error: Redis connection to 127.0.0.1:6379 failed - connect ECONNREFUSED
    at RedisClient.on_error (C:\Program Files\nodejs\node_modules\redis\index.js:151:24)
    at Socket.<anonymous> (C:\Program Files\nodejs\node_modules\redis\index.js:86:14)
    at Socket.EventEmitter.emit (events.js:96:17)
    at Socket._destroy.self.errorEmitted (net.js:328:14)
    at process.startup.processNextTick.process._tickCallback (node.js:244:9)

Time:2013-05-19 11:06:03
Error: Redis connection to 127.0.0.1:6379 failed - connect ECONNREFUSED
    at RedisClient.on_error (C:\Program Files\nodejs\node_modules\redis\index.js:151:24)
    at Socket.<anonymous> (C:\Program Files\nodejs\node_modules\redis\index.js:86:14)
    at Socket.EventEmitter.emit (events.js:96:17)
    at Socket._destroy.self.errorEmitted (net.js:328:14)
    at process.startup.processNextTick.process._tickCallback (node.js:244:9)

Time:2013-05-19 11:06:06
Error: Redis connection to 127.0.0.1:6379 failed - connect ECONNREFUSED
    at RedisClient.on_error (C:\Program Files\nodejs\node_modules\redis\index.js:151:24)
    at Socket.<anonymous> (C:\Program Files\nodejs\node_modules\redis\index.js:86:14)
    at Socket.EventEmitter.emit (events.js:96:17)
    at Socket._destroy.self.errorEmitted (net.js:328:14)
    at process.startup.processNextTick.process._tickCallback (node.js:244:9)

Time:2013-05-19 11:11:08
TypeError: Cannot read property 'aBuffer' of undefined
    at _handler.validata (C:\Program Files\nodejs\mynode\nodeweb\handleapp\captcha.js:64:39)
    at Object._handler.validata (C:\Program Files\nodejs\mynode\nodeweb\handleapp\captcha.js:60:9)
    at Object.handle (C:\Program Files\nodejs\mynode\nodeweb\handleapp\captcha.js:20:33)
    at Object.handle (C:\Program Files\nodejs\mynode\nodeweb\handler.js:37:20)
    at header.<anonymous> (C:\Program Files\nodejs\mynode\nodeweb\route.js:84:13)
    at header.EventEmitter.emit (events.js:99:17)
    at new header (C:\Program Files\nodejs\mynode\nodeweb\route.js:59:14)
    at Object.route (C:\Program Files\nodejs\mynode\nodeweb\route.js:12:17)
    at Server.handleRequest (C:\Program Files\nodejs\mynode\nodeweb\server.js:14:8)
    at Server.EventEmitter.emit (events.js:99:17)

Time:2013-05-19 11:45:06
TypeError: Cannot read property 'message' of null
    at Object.handleException (C:\Program Files\nodejs\mynode\nodeweb\init.js:109:43)
    at captcha.destory (C:\Program Files\nodejs\mynode\nodeweb\handleapp\captcha.js:284:25)
    at null.<anonymous> (C:\Program Files\nodejs\node_modules\mongodb\lib\mongodb\collection.js:196:9)
    at g (events.js:192:14)
    at EventEmitter.emit (events.js:126:20)
    at Server.Base._callHandler (C:\Program Files\nodejs\node_modules\mongodb\lib\mongodb\connection\base.js:130:25)
    at Server.connect.connectionPool.on.server._serverState (C:\Program Files\nodejs\node_modules\mongodb\lib\mongodb\connection\server.js:522:20)
    at MongoReply.parseBody (C:\Program Files\nodejs\node_modules\mongodb\lib\mongodb\responses\mongo_reply.js:132:5)
    at Server.connect.connectionPool.on.server._serverState (C:\Program Files\nodejs\node_modules\mongodb\lib\mongodb\connection\server.js:481:22)
    at EventEmitter.emit (events.js:96:17)

Time:2013-05-19 11:45:06
TypeError: Cannot read property 'message' of null
    at Object.handleException (C:\Program Files\nodejs\mynode\nodeweb\init.js:109:43)
    at captcha.destory (C:\Program Files\nodejs\mynode\nodeweb\lib\captcha.js:195:25)
    at null.<anonymous> (C:\Program Files\nodejs\node_modules\mongodb\lib\mongodb\collection.js:196:9)
    at g (events.js:192:14)
    at EventEmitter.emit (events.js:126:20)
    at Server.Base._callHandler (C:\Program Files\nodejs\node_modules\mongodb\lib\mongodb\connection\base.js:130:25)
    at Server.connect.connectionPool.on.server._serverState (C:\Program Files\nodejs\node_modules\mongodb\lib\mongodb\connection\server.js:522:20)
    at MongoReply.parseBody (C:\Program Files\nodejs\node_modules\mongodb\lib\mongodb\responses\mongo_reply.js:132:5)
    at Server.connect.connectionPool.on.server._serverState (C:\Program Files\nodejs\node_modules\mongodb\lib\mongodb\connection\server.js:481:22)
    at EventEmitter.emit (events.js:96:17)

Time:2013-05-19 12:15:06
TypeError: Cannot read property 'message' of null
    at Object.handleException (C:\Program Files\nodejs\mynode\nodeweb\init.js:109:43)
    at captcha.destory (C:\Program Files\nodejs\mynode\nodeweb\lib\captcha.js:195:25)
    at null.<anonymous> (C:\Program Files\nodejs\node_modules\mongodb\lib\mongodb\collection.js:196:9)
    at g (events.js:192:14)
    at EventEmitter.emit (events.js:126:20)
    at Server.Base._callHandler (C:\Program Files\nodejs\node_modules\mongodb\lib\mongodb\connection\base.js:130:25)
    at Server.connect.connectionPool.on.server._serverState (C:\Program Files\nodejs\node_modules\mongodb\lib\mongodb\connection\server.js:522:20)
    at MongoReply.parseBody (C:\Program Files\nodejs\node_modules\mongodb\lib\mongodb\responses\mongo_reply.js:132:5)
    at Server.connect.connectionPool.on.server._serverState (C:\Program Files\nodejs\node_modules\mongodb\lib\mongodb\connection\server.js:481:22)
    at EventEmitter.emit (events.js:96:17)

Time:2013-05-19 12:15:06
TypeError: Cannot read property 'message' of null
    at Object.handleException (C:\Program Files\nodejs\mynode\nodeweb\init.js:109:43)
    at captcha.destory (C:\Program Files\nodejs\mynode\nodeweb\handleapp\captcha.js:284:25)
    at null.<anonymous> (C:\Program Files\nodejs\node_modules\mongodb\lib\mongodb\collection.js:196:9)
    at g (events.js:192:14)
    at EventEmitter.emit (events.js:126:20)
    at Server.Base._callHandler (C:\Program Files\nodejs\node_modules\mongodb\lib\mongodb\connection\base.js:130:25)
    at Server.connect.connectionPool.on.server._serverState (C:\Program Files\nodejs\node_modules\mongodb\lib\mongodb\connection\server.js:522:20)
    at MongoReply.parseBody (C:\Program Files\nodejs\node_modules\mongodb\lib\mongodb\responses\mongo_reply.js:132:5)
    at Server.connect.connectionPool.on.server._serverState (C:\Program Files\nodejs\node_modules\mongodb\lib\mongodb\connection\server.js:481:22)
    at EventEmitter.emit (events.js:96:17)

Time:2013-05-19 13:32:09
TypeError: Cannot read property 'message' of null
    at Object.handleException (C:\Program Files\nodejs\mynode\nodeweb\init.js:109:43)
    at captcha.destory (C:\Program Files\nodejs\mynode\nodeweb\handleapp\captcha.js:284:25)
    at null.<anonymous> (C:\Program Files\nodejs\node_modules\mongodb\lib\mongodb\collection.js:196:9)
    at g (events.js:192:14)
    at EventEmitter.emit (events.js:126:20)
    at Server.Base._callHandler (C:\Program Files\nodejs\node_modules\mongodb\lib\mongodb\connection\base.js:130:25)
    at Server.connect.connectionPool.on.server._serverState (C:\Program Files\nodejs\node_modules\mongodb\lib\mongodb\connection\server.js:522:20)
    at MongoReply.parseBody (C:\Program Files\nodejs\node_modules\mongodb\lib\mongodb\responses\mongo_reply.js:132:5)
    at Server.connect.connectionPool.on.server._serverState (C:\Program Files\nodejs\node_modules\mongodb\lib\mongodb\connection\server.js:481:22)
    at EventEmitter.emit (events.js:96:17)

Time:2013-05-19 13:32:09
TypeError: Cannot read property 'message' of null
    at Object.handleException (C:\Program Files\nodejs\mynode\nodeweb\init.js:109:43)
    at captcha.destory (C:\Program Files\nodejs\mynode\nodeweb\lib\captcha.js:195:25)
    at null.<anonymous> (C:\Program Files\nodejs\node_modules\mongodb\lib\mongodb\collection.js:196:9)
    at g (events.js:192:14)
    at EventEmitter.emit (events.js:126:20)
    at Server.Base._callHandler (C:\Program Files\nodejs\node_modules\mongodb\lib\mongodb\connection\base.js:130:25)
    at Server.connect.connectionPool.on.server._serverState (C:\Program Files\nodejs\node_modules\mongodb\lib\mongodb\connection\server.js:522:20)
    at MongoReply.parseBody (C:\Program Files\nodejs\node_modules\mongodb\lib\mongodb\responses\mongo_reply.js:132:5)
    at Server.connect.connectionPool.on.server._serverState (C:\Program Files\nodejs\node_modules\mongodb\lib\mongodb\connection\server.js:481:22)
    at EventEmitter.emit (events.js:96:17)

Time:2013-05-19 13:32:09
TypeError: Cannot read property 'message' of null
    at Object.handleException (C:\Program Files\nodejs\mynode\nodeweb\init.js:109:43)
    at captcha.destory (C:\Program Files\nodejs\mynode\nodeweb\handleapp\captcha.js:284:25)
    at null.<anonymous> (C:\Program Files\nodejs\node_modules\mongodb\lib\mongodb\collection.js:196:9)
    at g (events.js:192:14)
    at EventEmitter.emit (events.js:126:20)
    at Server.Base._callHandler (C:\Program Files\nodejs\node_modules\mongodb\lib\mongodb\connection\base.js:130:25)
    at Server.connect.connectionPool.on.server._serverState (C:\Program Files\nodejs\node_modules\mongodb\lib\mongodb\connection\server.js:522:20)
    at MongoReply.parseBody (C:\Program Files\nodejs\node_modules\mongodb\lib\mongodb\responses\mongo_reply.js:132:5)
    at Server.connect.connectionPool.on.server._serverState (C:\Program Files\nodejs\node_modules\mongodb\lib\mongodb\connection\server.js:481:22)
    at EventEmitter.emit (events.js:96:17)

Time:2013-05-19 13:32:09
TypeError: Cannot read property 'message' of null
    at Object.handleException (C:\Program Files\nodejs\mynode\nodeweb\init.js:109:43)
    at captcha.destory (C:\Program Files\nodejs\mynode\nodeweb\lib\captcha.js:195:25)
    at null.<anonymous> (C:\Program Files\nodejs\node_modules\mongodb\lib\mongodb\collection.js:196:9)
    at g (events.js:192:14)
    at EventEmitter.emit (events.js:126:20)
    at Server.Base._callHandler (C:\Program Files\nodejs\node_modules\mongodb\lib\mongodb\connection\base.js:130:25)
    at Server.connect.connectionPool.on.server._serverState (C:\Program Files\nodejs\node_modules\mongodb\lib\mongodb\connection\server.js:522:20)
    at MongoReply.parseBody (C:\Program Files\nodejs\node_modules\mongodb\lib\mongodb\responses\mongo_reply.js:132:5)
    at Server.connect.connectionPool.on.server._serverState (C:\Program Files\nodejs\node_modules\mongodb\lib\mongodb\connection\server.js:481:22)
    at EventEmitter.emit (events.js:96:17)

Time:2013-05-19 14:53:58
TypeError: Cannot read property 'message' of null
    at Object.handleException (C:\Program Files\nodejs\mynode\nodeweb\init.js:109:43)
    at captcha.destory (C:\Program Files\nodejs\mynode\nodeweb\handleapp\captcha.js:284:25)
    at null.<anonymous> (C:\Program Files\nodejs\node_modules\mongodb\lib\mongodb\collection.js:196:9)
    at g (events.js:192:14)
    at EventEmitter.emit (events.js:126:20)
    at Server.Base._callHandler (C:\Program Files\nodejs\node_modules\mongodb\lib\mongodb\connection\base.js:130:25)
    at Server.connect.connectionPool.on.server._serverState (C:\Program Files\nodejs\node_modules\mongodb\lib\mongodb\connection\server.js:522:20)
    at MongoReply.parseBody (C:\Program Files\nodejs\node_modules\mongodb\lib\mongodb\responses\mongo_reply.js:132:5)
    at Server.connect.connectionPool.on.server._serverState (C:\Program Files\nodejs\node_modules\mongodb\lib\mongodb\connection\server.js:481:22)
    at EventEmitter.emit (events.js:96:17)

Time:2013-05-19 14:53:58
TypeError: Cannot read property 'message' of null
    at Object.handleException (C:\Program Files\nodejs\mynode\nodeweb\init.js:109:43)
    at captcha.destory (C:\Program Files\nodejs\mynode\nodeweb\lib\captcha.js:195:25)
    at null.<anonymous> (C:\Program Files\nodejs\node_modules\mongodb\lib\mongodb\collection.js:196:9)
    at g (events.js:192:14)
    at EventEmitter.emit (events.js:126:20)
    at Server.Base._callHandler (C:\Program Files\nodejs\node_modules\mongodb\lib\mongodb\connection\base.js:130:25)
    at Server.connect.connectionPool.on.server._serverState (C:\Program Files\nodejs\node_modules\mongodb\lib\mongodb\connection\server.js:522:20)
    at MongoReply.parseBody (C:\Program Files\nodejs\node_modules\mongodb\lib\mongodb\responses\mongo_reply.js:132:5)
    at Server.connect.connectionPool.on.server._serverState (C:\Program Files\nodejs\node_modules\mongodb\lib\mongodb\connection\server.js:481:22)
    at EventEmitter.emit (events.js:96:17)

Time:2013-05-19 14:53:58
TypeError: Cannot read property 'message' of null
    at Object.handleException (C:\Program Files\nodejs\mynode\nodeweb\init.js:109:43)
    at captcha.destory (C:\Program Files\nodejs\mynode\nodeweb\lib\captcha.js:195:25)
    at null.<anonymous> (C:\Program Files\nodejs\node_modules\mongodb\lib\mongodb\collection.js:196:9)
    at g (events.js:192:14)
    at EventEmitter.emit (events.js:126:20)
    at Server.Base._callHandler (C:\Program Files\nodejs\node_modules\mongodb\lib\mongodb\connection\base.js:130:25)
    at Server.connect.connectionPool.on.server._serverState (C:\Program Files\nodejs\node_modules\mongodb\lib\mongodb\connection\server.js:522:20)
    at MongoReply.parseBody (C:\Program Files\nodejs\node_modules\mongodb\lib\mongodb\responses\mongo_reply.js:132:5)
    at Server.connect.connectionPool.on.server._serverState (C:\Program Files\nodejs\node_modules\mongodb\lib\mongodb\connection\server.js:481:22)
    at EventEmitter.emit (events.js:96:17)

Time:2013-05-19 14:53:58
TypeError: Cannot read property 'message' of null
    at Object.handleException (C:\Program Files\nodejs\mynode\nodeweb\init.js:109:43)
    at captcha.destory (C:\Program Files\nodejs\mynode\nodeweb\handleapp\captcha.js:284:25)
    at null.<anonymous> (C:\Program Files\nodejs\node_modules\mongodb\lib\mongodb\collection.js:196:9)
    at g (events.js:192:14)
    at EventEmitter.emit (events.js:126:20)
    at Server.Base._callHandler (C:\Program Files\nodejs\node_modules\mongodb\lib\mongodb\connection\base.js:130:25)
    at Server.connect.connectionPool.on.server._serverState (C:\Program Files\nodejs\node_modules\mongodb\lib\mongodb\connection\server.js:522:20)
    at MongoReply.parseBody (C:\Program Files\nodejs\node_modules\mongodb\lib\mongodb\responses\mongo_reply.js:132:5)
    at Server.connect.connectionPool.on.server._serverState (C:\Program Files\nodejs\node_modules\mongodb\lib\mongodb\connection\server.js:481:22)
    at EventEmitter.emit (events.js:96:17)

Time:2013-05-19 15:23:58
TypeError: Cannot read property 'message' of null
    at Object.handleException (C:\Program Files\nodejs\mynode\nodeweb\init.js:109:43)
    at captcha.destory (C:\Program Files\nodejs\mynode\nodeweb\handleapp\captcha.js:284:25)
    at null.<anonymous> (C:\Program Files\nodejs\node_modules\mongodb\lib\mongodb\collection.js:196:9)
    at g (events.js:192:14)
    at EventEmitter.emit (events.js:126:20)
    at Server.Base._callHandler (C:\Program Files\nodejs\node_modules\mongodb\lib\mongodb\connection\base.js:130:25)
    at Server.connect.connectionPool.on.server._serverState (C:\Program Files\nodejs\node_modules\mongodb\lib\mongodb\connection\server.js:522:20)
    at MongoReply.parseBody (C:\Program Files\nodejs\node_modules\mongodb\lib\mongodb\responses\mongo_reply.js:132:5)
    at Server.connect.connectionPool.on.server._serverState (C:\Program Files\nodejs\node_modules\mongodb\lib\mongodb\connection\server.js:481:22)
    at EventEmitter.emit (events.js:96:17)

Time:2013-05-19 15:23:58
TypeError: Cannot read property 'message' of null
    at Object.handleException (C:\Program Files\nodejs\mynode\nodeweb\init.js:109:43)
    at captcha.destory (C:\Program Files\nodejs\mynode\nodeweb\lib\captcha.js:195:25)
    at null.<anonymous> (C:\Program Files\nodejs\node_modules\mongodb\lib\mongodb\collection.js:196:9)
    at g (events.js:192:14)
    at EventEmitter.emit (events.js:126:20)
    at Server.Base._callHandler (C:\Program Files\nodejs\node_modules\mongodb\lib\mongodb\connection\base.js:130:25)
    at Server.connect.connectionPool.on.server._serverState (C:\Program Files\nodejs\node_modules\mongodb\lib\mongodb\connection\server.js:522:20)
    at MongoReply.parseBody (C:\Program Files\nodejs\node_modules\mongodb\lib\mongodb\responses\mongo_reply.js:132:5)
    at Server.connect.connectionPool.on.server._serverState (C:\Program Files\nodejs\node_modules\mongodb\lib\mongodb\connection\server.js:481:22)
    at EventEmitter.emit (events.js:96:17)

Time:2013-05-19 16:17:49
TypeError: Cannot read property 'message' of null
    at Object.handleException (C:\Program Files\nodejs\mynode\nodeweb\init.js:109:43)
    at captcha.destory (C:\Program Files\nodejs\mynode\nodeweb\handleapp\captcha.js:351:25)
    at null.<anonymous> (C:\Program Files\nodejs\node_modules\mongodb\lib\mongodb\collection.js:196:9)
    at g (events.js:192:14)
    at EventEmitter.emit (events.js:126:20)
    at Server.Base._callHandler (C:\Program Files\nodejs\node_modules\mongodb\lib\mongodb\connection\base.js:130:25)
    at Server.connect.connectionPool.on.server._serverState (C:\Program Files\nodejs\node_modules\mongodb\lib\mongodb\connection\server.js:522:20)
    at MongoReply.parseBody (C:\Program Files\nodejs\node_modules\mongodb\lib\mongodb\responses\mongo_reply.js:132:5)
    at Server.connect.connectionPool.on.server._serverState (C:\Program Files\nodejs\node_modules\mongodb\lib\mongodb\connection\server.js:481:22)
    at EventEmitter.emit (events.js:96:17)

Time:2013-05-19 16:17:49
TypeError: Cannot read property 'message' of null
    at Object.handleException (C:\Program Files\nodejs\mynode\nodeweb\init.js:109:43)
    at captcha.destory (C:\Program Files\nodejs\mynode\nodeweb\lib\captcha.js:195:25)
    at null.<anonymous> (C:\Program Files\nodejs\node_modules\mongodb\lib\mongodb\collection.js:196:9)
    at g (events.js:192:14)
    at EventEmitter.emit (events.js:126:20)
    at Server.Base._callHandler (C:\Program Files\nodejs\node_modules\mongodb\lib\mongodb\connection\base.js:130:25)
    at Server.connect.connectionPool.on.server._serverState (C:\Program Files\nodejs\node_modules\mongodb\lib\mongodb\connection\server.js:522:20)
    at MongoReply.parseBody (C:\Program Files\nodejs\node_modules\mongodb\lib\mongodb\responses\mongo_reply.js:132:5)
    at Server.connect.connectionPool.on.server._serverState (C:\Program Files\nodejs\node_modules\mongodb\lib\mongodb\connection\server.js:481:22)
    at EventEmitter.emit (events.js:96:17)

Time:2013-05-19 16:47:49
TypeError: Cannot read property 'message' of null
    at Object.handleException (C:\Program Files\nodejs\mynode\nodeweb\init.js:109:43)
    at captcha.destory (C:\Program Files\nodejs\mynode\nodeweb\handleapp\captcha.js:351:25)
    at null.<anonymous> (C:\Program Files\nodejs\node_modules\mongodb\lib\mongodb\collection.js:196:9)
    at g (events.js:192:14)
    at EventEmitter.emit (events.js:126:20)
    at Server.Base._callHandler (C:\Program Files\nodejs\node_modules\mongodb\lib\mongodb\connection\base.js:130:25)
    at Server.connect.connectionPool.on.server._serverState (C:\Program Files\nodejs\node_modules\mongodb\lib\mongodb\connection\server.js:522:20)
    at MongoReply.parseBody (C:\Program Files\nodejs\node_modules\mongodb\lib\mongodb\responses\mongo_reply.js:132:5)
    at Server.connect.connectionPool.on.server._serverState (C:\Program Files\nodejs\node_modules\mongodb\lib\mongodb\connection\server.js:481:22)
    at EventEmitter.emit (events.js:96:17)

Time:2013-05-19 16:47:49
TypeError: Cannot read property 'message' of null
    at Object.handleException (C:\Program Files\nodejs\mynode\nodeweb\init.js:109:43)
    at captcha.destory (C:\Program Files\nodejs\mynode\nodeweb\lib\captcha.js:195:25)
    at null.<anonymous> (C:\Program Files\nodejs\node_modules\mongodb\lib\mongodb\collection.js:196:9)
    at g (events.js:192:14)
    at EventEmitter.emit (events.js:126:20)
    at Server.Base._callHandler (C:\Program Files\nodejs\node_modules\mongodb\lib\mongodb\connection\base.js:130:25)
    at Server.connect.connectionPool.on.server._serverState (C:\Program Files\nodejs\node_modules\mongodb\lib\mongodb\connection\server.js:522:20)
    at MongoReply.parseBody (C:\Program Files\nodejs\node_modules\mongodb\lib\mongodb\responses\mongo_reply.js:132:5)
    at Server.connect.connectionPool.on.server._serverState (C:\Program Files\nodejs\node_modules\mongodb\lib\mongodb\connection\server.js:481:22)
    at EventEmitter.emit (events.js:96:17)

Time:2013-05-19 17:17:49
TypeError: Cannot read property 'message' of null
    at Object.handleException (C:\Program Files\nodejs\mynode\nodeweb\init.js:109:43)
    at captcha.destory (C:\Program Files\nodejs\mynode\nodeweb\handleapp\captcha.js:351:25)
    at null.<anonymous> (C:\Program Files\nodejs\node_modules\mongodb\lib\mongodb\collection.js:196:9)
    at g (events.js:192:14)
    at EventEmitter.emit (events.js:126:20)
    at Server.Base._callHandler (C:\Program Files\nodejs\node_modules\mongodb\lib\mongodb\connection\base.js:130:25)
    at Server.connect.connectionPool.on.server._serverState (C:\Program Files\nodejs\node_modules\mongodb\lib\mongodb\connection\server.js:522:20)
    at MongoReply.parseBody (C:\Program Files\nodejs\node_modules\mongodb\lib\mongodb\responses\mongo_reply.js:132:5)
    at Server.connect.connectionPool.on.server._serverState (C:\Program Files\nodejs\node_modules\mongodb\lib\mongodb\connection\server.js:481:22)
    at EventEmitter.emit (events.js:96:17)

Time:2013-05-19 17:17:49
TypeError: Cannot read property 'message' of null
    at Object.handleException (C:\Program Files\nodejs\mynode\nodeweb\init.js:109:43)
    at captcha.destory (C:\Program Files\nodejs\mynode\nodeweb\lib\captcha.js:195:25)
    at null.<anonymous> (C:\Program Files\nodejs\node_modules\mongodb\lib\mongodb\collection.js:196:9)
    at g (events.js:192:14)
    at EventEmitter.emit (events.js:126:20)
    at Server.Base._callHandler (C:\Program Files\nodejs\node_modules\mongodb\lib\mongodb\connection\base.js:130:25)
    at Server.connect.connectionPool.on.server._serverState (C:\Program Files\nodejs\node_modules\mongodb\lib\mongodb\connection\server.js:522:20)
    at MongoReply.parseBody (C:\Program Files\nodejs\node_modules\mongodb\lib\mongodb\responses\mongo_reply.js:132:5)
    at Server.connect.connectionPool.on.server._serverState (C:\Program Files\nodejs\node_modules\mongodb\lib\mongodb\connection\server.js:481:22)
    at EventEmitter.emit (events.js:96:17)

Time:2013-05-19 17:47:49
TypeError: Cannot read property 'message' of null
    at Object.handleException (C:\Program Files\nodejs\mynode\nodeweb\init.js:109:43)
    at captcha.destory (C:\Program Files\nodejs\mynode\nodeweb\handleapp\captcha.js:351:25)
    at null.<anonymous> (C:\Program Files\nodejs\node_modules\mongodb\lib\mongodb\collection.js:196:9)
    at g (events.js:192:14)
    at EventEmitter.emit (events.js:126:20)
    at Server.Base._callHandler (C:\Program Files\nodejs\node_modules\mongodb\lib\mongodb\connection\base.js:130:25)
    at Server.connect.connectionPool.on.server._serverState (C:\Program Files\nodejs\node_modules\mongodb\lib\mongodb\connection\server.js:522:20)
    at MongoReply.parseBody (C:\Program Files\nodejs\node_modules\mongodb\lib\mongodb\responses\mongo_reply.js:132:5)
    at Server.connect.connectionPool.on.server._serverState (C:\Program Files\nodejs\node_modules\mongodb\lib\mongodb\connection\server.js:481:22)
    at EventEmitter.emit (events.js:96:17)

Time:2013-05-19 17:47:49
TypeError: Cannot read property 'message' of null
    at Object.handleException (C:\Program Files\nodejs\mynode\nodeweb\init.js:109:43)
    at captcha.destory (C:\Program Files\nodejs\mynode\nodeweb\lib\captcha.js:195:25)
    at null.<anonymous> (C:\Program Files\nodejs\node_modules\mongodb\lib\mongodb\collection.js:196:9)
    at g (events.js:192:14)
    at EventEmitter.emit (events.js:126:20)
    at Server.Base._callHandler (C:\Program Files\nodejs\node_modules\mongodb\lib\mongodb\connection\base.js:130:25)
    at Server.connect.connectionPool.on.server._serverState (C:\Program Files\nodejs\node_modules\mongodb\lib\mongodb\connection\server.js:522:20)
    at MongoReply.parseBody (C:\Program Files\nodejs\node_modules\mongodb\lib\mongodb\responses\mongo_reply.js:132:5)
    at Server.connect.connectionPool.on.server._serverState (C:\Program Files\nodejs\node_modules\mongodb\lib\mongodb\connection\server.js:481:22)
    at EventEmitter.emit (events.js:96:17)

Time:2013-05-19 18:54:53
TypeError: Cannot read property 'message' of null
    at Object.handleException (C:\Program Files\nodejs\mynode\nodeweb\init.js:109:43)
    at captcha.destory (C:\Program Files\nodejs\mynode\nodeweb\handleapp\captcha.js:351:25)
    at null.<anonymous> (C:\Program Files\nodejs\node_modules\mongodb\lib\mongodb\collection.js:196:9)
    at g (events.js:192:14)
    at EventEmitter.emit (events.js:126:20)
    at Server.Base._callHandler (C:\Program Files\nodejs\node_modules\mongodb\lib\mongodb\connection\base.js:130:25)
    at Server.connect.connectionPool.on.server._serverState (C:\Program Files\nodejs\node_modules\mongodb\lib\mongodb\connection\server.js:522:20)
    at MongoReply.parseBody (C:\Program Files\nodejs\node_modules\mongodb\lib\mongodb\responses\mongo_reply.js:132:5)
    at Server.connect.connectionPool.on.server._serverState (C:\Program Files\nodejs\node_modules\mongodb\lib\mongodb\connection\server.js:481:22)
    at EventEmitter.emit (events.js:96:17)

Time:2013-05-19 18:54:53
TypeError: Cannot read property 'message' of null
    at Object.handleException (C:\Program Files\nodejs\mynode\nodeweb\init.js:109:43)
    at captcha.destory (C:\Program Files\nodejs\mynode\nodeweb\lib\captcha.js:195:25)
    at null.<anonymous> (C:\Program Files\nodejs\node_modules\mongodb\lib\mongodb\collection.js:196:9)
    at g (events.js:192:14)
    at EventEmitter.emit (events.js:126:20)
    at Server.Base._callHandler (C:\Program Files\nodejs\node_modules\mongodb\lib\mongodb\connection\base.js:130:25)
    at Server.connect.connectionPool.on.server._serverState (C:\Program Files\nodejs\node_modules\mongodb\lib\mongodb\connection\server.js:522:20)
    at MongoReply.parseBody (C:\Program Files\nodejs\node_modules\mongodb\lib\mongodb\responses\mongo_reply.js:132:5)
    at Server.connect.connectionPool.on.server._serverState (C:\Program Files\nodejs\node_modules\mongodb\lib\mongodb\connection\server.js:481:22)
    at EventEmitter.emit (events.js:96:17)

Time:2013-05-19 18:54:53
TypeError: Cannot read property 'message' of null
    at Object.handleException (C:\Program Files\nodejs\mynode\nodeweb\init.js:109:43)
    at captcha.destory (C:\Program Files\nodejs\mynode\nodeweb\handleapp\captcha.js:351:25)
    at null.<anonymous> (C:\Program Files\nodejs\node_modules\mongodb\lib\mongodb\collection.js:196:9)
    at g (events.js:192:14)
    at EventEmitter.emit (events.js:126:20)
    at Server.Base._callHandler (C:\Program Files\nodejs\node_modules\mongodb\lib\mongodb\connection\base.js:130:25)
    at Server.connect.connectionPool.on.server._serverState (C:\Program Files\nodejs\node_modules\mongodb\lib\mongodb\connection\server.js:522:20)
    at MongoReply.parseBody (C:\Program Files\nodejs\node_modules\mongodb\lib\mongodb\responses\mongo_reply.js:132:5)
    at Server.connect.connectionPool.on.server._serverState (C:\Program Files\nodejs\node_modules\mongodb\lib\mongodb\connection\server.js:481:22)
    at EventEmitter.emit (events.js:96:17)

Time:2013-05-19 18:54:53
TypeError: Cannot read property 'message' of null
    at Object.handleException (C:\Program Files\nodejs\mynode\nodeweb\init.js:109:43)
    at captcha.destory (C:\Program Files\nodejs\mynode\nodeweb\lib\captcha.js:195:25)
    at null.<anonymous> (C:\Program Files\nodejs\node_modules\mongodb\lib\mongodb\collection.js:196:9)
    at g (events.js:192:14)
    at EventEmitter.emit (events.js:126:20)
    at Server.Base._callHandler (C:\Program Files\nodejs\node_modules\mongodb\lib\mongodb\connection\base.js:130:25)
    at Server.connect.connectionPool.on.server._serverState (C:\Program Files\nodejs\node_modules\mongodb\lib\mongodb\connection\server.js:522:20)
    at MongoReply.parseBody (C:\Program Files\nodejs\node_modules\mongodb\lib\mongodb\responses\mongo_reply.js:132:5)
    at Server.connect.connectionPool.on.server._serverState (C:\Program Files\nodejs\node_modules\mongodb\lib\mongodb\connection\server.js:481:22)
    at EventEmitter.emit (events.js:96:17)

